[ 2018-12-14T17:53:20+08:00 ] 127.0.0.1 /book/install
INFO: [ app_init ] --START--
INFO: Run Behavior\BuildLiteBehavior [ RunTime:0.000000s ]
INFO: [ app_init ] --END-- [ RunTime:0.001001s ]
NOTIC: [8] Undefined variable: dirs C:\myphp_www\PHPTutorial\WWW\book\Application\Common\Conf\rewrite.php 第 17 行.
NOTIC: [8] Undefined variable: dirs C:\myphp_www\PHPTutorial\WWW\book\Application\Common\Conf\rewrite.php 第 17 行.
ERR: 无法加载模块:Book

[ 2018-12-14T17:54:36+08:00 ] 127.0.0.1 /book/install
INFO: [ app_init ] --START--
INFO: Run Behavior\BuildLiteBehavior [ RunTime:0.000000s ]
INFO: [ app_init ] --END-- [ RunTime:0.000000s ]
NOTIC: [8] Undefined variable: dirs C:\myphp_www\PHPTutorial\WWW\book\Application\Common\Conf\rewrite.php 第 17 行.
NOTIC: [8] Undefined variable: dirs C:\myphp_www\PHPTutorial\WWW\book\Application\Common\Conf\rewrite.php 第 17 行.
ERR: 无法加载模块:Book

[ 2018-12-14T17:54:44+08:00 ] 127.0.0.1 /book/install.php/install
INFO: [ app_init ] --START--
INFO: Run Behavior\BuildLiteBehavior [ RunTime:0.000000s ]
INFO: [ app_init ] --END-- [ RunTime:0.001000s ]
NOTIC: [8] Undefined variable: dirs C:\myphp_www\PHPTutorial\WWW\book\Application\Common\Conf\rewrite.php 第 17 行.
NOTIC: [8] Undefined variable: dirs C:\myphp_www\PHPTutorial\WWW\book\Application\Common\Conf\rewrite.php 第 17 行.
ERR: 无法加载模块:Book

[ 2018-12-14T17:54:46+08:00 ] 127.0.0.1 /book/install.php/install
INFO: [ app_init ] --START--
INFO: Run Behavior\BuildLiteBehavior [ RunTime:0.000000s ]
INFO: [ app_init ] --END-- [ RunTime:0.000000s ]
NOTIC: [8] Undefined variable: dirs C:\myphp_www\PHPTutorial\WWW\book\Application\Common\Conf\rewrite.php 第 17 行.
NOTIC: [8] Undefined variable: dirs C:\myphp_www\PHPTutorial\WWW\book\Application\Common\Conf\rewrite.php 第 17 行.
ERR: 无法加载模块:Book

[ 2018-12-14T17:54:47+08:00 ] 127.0.0.1 /book/install.php/install
INFO: [ app_init ] --START--
INFO: Run Behavior\BuildLiteBehavior [ RunTime:0.000000s ]
INFO: [ app_init ] --END-- [ RunTime:0.000000s ]
NOTIC: [8] Undefined variable: dirs C:\myphp_www\PHPTutorial\WWW\book\Application\Common\Conf\rewrite.php 第 17 行.
NOTIC: [8] Undefined variable: dirs C:\myphp_www\PHPTutorial\WWW\book\Application\Common\Conf\rewrite.php 第 17 行.
ERR: 无法加载模块:Book

[ 2018-12-14T17:54:58+08:00 ] 127.0.0.1 /book/Install/index/check
INFO: [ app_init ] --START--
INFO: Run Behavior\BuildLiteBehavior [ RunTime:0.000000s ]
INFO: [ app_init ] --END-- [ RunTime:0.001000s ]
NOTIC: [8] Undefined variable: dirs C:\myphp_www\PHPTutorial\WWW\book\Application\Common\Conf\rewrite.php 第 17 行.
NOTIC: [8] Undefined variable: dirs C:\myphp_www\PHPTutorial\WWW\book\Application\Common\Conf\rewrite.php 第 17 行.
ERR: 无法加载模块:Book

[ 2018-12-14T17:57:39+08:00 ] 127.0.0.1 /book/Install/index/check
INFO: [ app_init ] --START--
INFO: Run Behavior\BuildLiteBehavior [ RunTime:0.000000s ]
INFO: [ app_init ] --END-- [ RunTime:0.001000s ]
NOTIC: [8] Undefined variable: dirs C:\myphp_www\PHPTutorial\WWW\book\Application\Common\Conf\rewrite.php 第 17 行.
NOTIC: [8] Undefined variable: dirs C:\myphp_www\PHPTutorial\WWW\book\Application\Common\Conf\rewrite.php 第 17 行.
ERR: 无法加载模块:Book

[ 2018-12-14T17:57:59+08:00 ] 127.0.0.1 /book/Install/index/setting
INFO: [ app_init ] --START--
INFO: Run Behavior\BuildLiteBehavior [ RunTime:0.000000s ]
INFO: [ app_init ] --END-- [ RunTime:0.001000s ]
NOTIC: [8] Undefined variable: dirs C:\myphp_www\PHPTutorial\WWW\book\Application\Common\Conf\rewrite.php 第 17 行.
NOTIC: [8] Undefined variable: dirs C:\myphp_www\PHPTutorial\WWW\book\Application\Common\Conf\rewrite.php 第 17 行.
ERR: 无法加载模块:Book

[ 2018-12-14T18:10:20+08:00 ] 127.0.0.1 /book/Install/index/install
INFO: [ app_init ] --START--
INFO: Run Behavior\BuildLiteBehavior [ RunTime:0.000000s ]
INFO: [ app_init ] --END-- [ RunTime:0.000000s ]
NOTIC: [8] Undefined variable: dirs C:\myphp_www\PHPTutorial\WWW\book\Application\Common\Conf\rewrite.php 第 17 行.
NOTIC: [8] Undefined variable: dirs C:\myphp_www\PHPTutorial\WWW\book\Application\Common\Conf\rewrite.php 第 17 行.
ERR: 无法加载模块:Book

[ 2018-12-14T18:10:28+08:00 ] 127.0.0.1 /book/Install/index/setting
INFO: [ app_init ] --START--
INFO: Run Behavior\BuildLiteBehavior [ RunTime:0.001000s ]
INFO: [ app_init ] --END-- [ RunTime:0.001000s ]
NOTIC: [8] Undefined variable: dirs C:\myphp_www\PHPTutorial\WWW\book\Application\Common\Conf\rewrite.php 第 17 行.
NOTIC: [8] Undefined variable: dirs C:\myphp_www\PHPTutorial\WWW\book\Application\Common\Conf\rewrite.php 第 17 行.
ERR: 无法加载模块:Book

[ 2018-12-14T18:10:50+08:00 ] 127.0.0.1 /book/Install/index/install
INFO: [ app_init ] --START--
INFO: Run Behavior\BuildLiteBehavior [ RunTime:0.000000s ]
INFO: [ app_init ] --END-- [ RunTime:0.000000s ]
NOTIC: [8] Undefined variable: dirs C:\myphp_www\PHPTutorial\WWW\book\Application\Common\Conf\rewrite.php 第 17 行.
NOTIC: [8] Undefined variable: dirs C:\myphp_www\PHPTutorial\WWW\book\Application\Common\Conf\rewrite.php 第 17 行.
ERR: 无法加载模块:Book

[ 2018-12-14T18:10:56+08:00 ] 127.0.0.1 /book/Install/index/setting
INFO: [ app_init ] --START--
INFO: Run Behavior\BuildLiteBehavior [ RunTime:0.000000s ]
INFO: [ app_init ] --END-- [ RunTime:0.001000s ]
NOTIC: [8] Undefined variable: dirs C:\myphp_www\PHPTutorial\WWW\book\Application\Common\Conf\rewrite.php 第 17 行.
NOTIC: [8] Undefined variable: dirs C:\myphp_www\PHPTutorial\WWW\book\Application\Common\Conf\rewrite.php 第 17 行.
ERR: 无法加载模块:Book

[ 2018-12-14T18:16:31+08:00 ] 127.0.0.1 /book/Install/index/install
INFO: [ app_init ] --START--
INFO: Run Behavior\BuildLiteBehavior [ RunTime:0.000000s ]
INFO: [ app_init ] --END-- [ RunTime:0.000000s ]
NOTIC: [8] Undefined variable: dirs C:\myphp_www\PHPTutorial\WWW\book\Application\Common\Conf\rewrite.php 第 17 行.
NOTIC: [8] Undefined variable: dirs C:\myphp_www\PHPTutorial\WWW\book\Application\Common\Conf\rewrite.php 第 17 行.
ERR: 无法加载模块:Book

[ 2018-12-14T18:18:32+08:00 ] 127.0.0.1 /book/Install/index/install
INFO: [ app_init ] --START--
INFO: Run Behavior\BuildLiteBehavior [ RunTime:0.000000s ]
INFO: [ app_init ] --END-- [ RunTime:0.000000s ]
NOTIC: [8] Undefined variable: dirs C:\myphp_www\PHPTutorial\WWW\book\Application\Common\Conf\rewrite.php 第 17 行.
NOTIC: [8] Undefined variable: dirs C:\myphp_www\PHPTutorial\WWW\book\Application\Common\Conf\rewrite.php 第 17 行.
ERR: 无法加载模块:Book

[ 2018-12-14T18:18:33+08:00 ] 127.0.0.1 /book/Install/index/install
INFO: [ app_init ] --START--
INFO: Run Behavior\BuildLiteBehavior [ RunTime:0.000000s ]
INFO: [ app_init ] --END-- [ RunTime:0.000000s ]
NOTIC: [8] Undefined variable: dirs C:\myphp_www\PHPTutorial\WWW\book\Application\Common\Conf\rewrite.php 第 17 行.
NOTIC: [8] Undefined variable: dirs C:\myphp_www\PHPTutorial\WWW\book\Application\Common\Conf\rewrite.php 第 17 行.
ERR: 无法加载模块:Book

[ 2018-12-14T18:18:34+08:00 ] 127.0.0.1 /book/Install/index/install
INFO: [ app_init ] --START--
INFO: Run Behavior\BuildLiteBehavior [ RunTime:0.000000s ]
INFO: [ app_init ] --END-- [ RunTime:0.001000s ]
NOTIC: [8] Undefined variable: dirs C:\myphp_www\PHPTutorial\WWW\book\Application\Common\Conf\rewrite.php 第 17 行.
NOTIC: [8] Undefined variable: dirs C:\myphp_www\PHPTutorial\WWW\book\Application\Common\Conf\rewrite.php 第 17 行.
ERR: 无法加载模块:Book

[ 2018-12-14T18:18:34+08:00 ] 127.0.0.1 /book/Install/index/install
INFO: [ app_init ] --START--
INFO: Run Behavior\BuildLiteBehavior [ RunTime:0.000000s ]
INFO: [ app_init ] --END-- [ RunTime:0.001000s ]
NOTIC: [8] Undefined variable: dirs C:\myphp_www\PHPTutorial\WWW\book\Application\Common\Conf\rewrite.php 第 17 行.
NOTIC: [8] Undefined variable: dirs C:\myphp_www\PHPTutorial\WWW\book\Application\Common\Conf\rewrite.php 第 17 行.
ERR: 无法加载模块:Book

[ 2018-12-14T18:18:46+08:00 ] 127.0.0.1 /book/install
INFO: [ app_init ] --START--
INFO: Run Behavior\BuildLiteBehavior [ RunTime:0.000000s ]
INFO: [ app_init ] --END-- [ RunTime:0.000000s ]
NOTIC: [8] Undefined variable: dirs C:\myphp_www\PHPTutorial\WWW\book\Application\Common\Conf\rewrite.php 第 17 行.
NOTIC: [8] Undefined variable: dirs C:\myphp_www\PHPTutorial\WWW\book\Application\Common\Conf\rewrite.php 第 17 行.
ERR: 无法加载模块:Book

[ 2018-12-14T18:25:20+08:00 ] 127.0.0.1 /book/install
INFO: [ app_init ] --START--
INFO: Run Behavior\BuildLiteBehavior [ RunTime:0.000000s ]
INFO: [ app_init ] --END-- [ RunTime:0.000000s ]
NOTIC: [8] Undefined variable: dirs C:\myphp_www\PHPTutorial\WWW\book\Application\Common\Conf\rewrite.php 第 17 行.
NOTIC: [8] Undefined variable: dirs C:\myphp_www\PHPTutorial\WWW\book\Application\Common\Conf\rewrite.php 第 17 行.
ERR: 无法加载模块:Book

[ 2018-12-14T18:45:01+08:00 ] 127.0.0.1 /book/install
INFO: [ app_init ] --START--
INFO: Run Behavior\BuildLiteBehavior [ RunTime:0.000000s ]
INFO: [ app_init ] --END-- [ RunTime:0.001000s ]
NOTIC: [8] Undefined variable: dirs C:\myphp_www\PHPTutorial\WWW\book\Application\Common\Conf\rewrite.php 第 17 行.
NOTIC: [8] Undefined variable: dirs C:\myphp_www\PHPTutorial\WWW\book\Application\Common\Conf\rewrite.php 第 17 行.
ERR: 无法加载模块:Book

